<?xml version="1.0" encoding="UTF-8"?>
<!-- Generated by org.testng.reporters.JUnitXMLReporter -->
<testsuite ignored="0" hostname="DESKTOP-PGAMJ4I" failures="0" tests="1" name="Users/PRAVEEN KUMAR/Desktop/Edited_Framework/src/testjava/com/demo/tests/web/base/homepage/HomePageTest.java" time="26.119" errors="0" timestamp="2023-01-30T14:59:17 IST">
  <testcase classname="com.demo.tests.web.base.homepage.HomePageTest" name="testHomePageComponents" time="15.113"/>
</testsuite> <!-- Users/PRAVEEN KUMAR/Desktop/Edited_Framework/src/testjava/com/demo/tests/web/base/homepage/HomePageTest.java -->
