<?xml version="1.0" encoding="UTF-8"?>
<testng-results ignored="0" total="1" passed="1" failed="0" skipped="0">
  <reporter-output>
  </reporter-output>
  <suite started-at="2023-01-30T14:58:51 IST" name="All Test Suite" finished-at="2023-01-30T14:59:17 IST" duration-ms="26119">
    <groups>
    </groups>
    <test started-at="2023-01-30T14:58:51 IST" name="Users/PRAVEEN KUMAR/Desktop/Edited_Framework/src/testjava/com/demo/tests/web/base/homepage/HomePageTest.java" finished-at="2023-01-30T14:59:17 IST" duration-ms="26119">
      <class name="com.demo.tests.web.base.homepage.HomePageTest">
        <test-method is-config="true" signature="setUp()[pri:0, instance:com.demo.tests.web.base.homepage.HomePageTest@5032714f]" started-at="2023-01-30T14:58:51 IST" name="setUp" finished-at="2023-01-30T14:59:00 IST" duration-ms="9014" status="PASS">
          <reporter-output>
          </reporter-output>
        </test-method> <!-- setUp -->
        <test-method signature="testHomePageComponents(java.lang.String,java.lang.String,java.lang.String)[pri:0, instance:com.demo.tests.web.base.homepage.HomePageTest@5032714f]" started-at="2023-01-30T14:59:01 IST" name="testHomePageComponents" data-provider="Authentication" finished-at="2023-01-30T14:59:16 IST" duration-ms="15113" status="PASS">
          <params>
            <param index="0">
              <value>
                <![CDATA[test.demouser1310@gmail.com]]>
              </value>
            </param>
            <param index="1">
              <value>
                <![CDATA[Welcome@123]]>
              </value>
            </param>
            <param index="2">
              <value>
                <![CDATA[Project Management]]>
              </value>
            </param>
          </params>
          <reporter-output>
          </reporter-output>
        </test-method> <!-- testHomePageComponents -->
        <test-method is-config="true" signature="tearDown()[pri:0, instance:com.demo.tests.web.base.homepage.HomePageTest@5032714f]" started-at="2023-01-30T14:59:16 IST" name="tearDown" finished-at="2023-01-30T14:59:17 IST" duration-ms="445" status="PASS">
          <reporter-output>
          </reporter-output>
        </test-method> <!-- tearDown -->
      </class> <!-- com.demo.tests.web.base.homepage.HomePageTest -->
    </test> <!-- Users/PRAVEEN KUMAR/Desktop/Edited_Framework/src/testjava/com/demo/tests/web/base/homepage/HomePageTest.java -->
  </suite> <!-- All Test Suite -->
</testng-results>
